---------- Date: 2016-10-23 06:21:23 ~ IP : 27.64.43.70 ----------
REQUEST URI : /opencart/admin/index.php?route=catalog/product&token=c92b572283df9f73aa0cef4a71c5ce30
MOD DETAILS:
   modFile   : /var/www/html/opencart/vqmod/xml/vqmod_po_mgmt.xml
   id        : Purchase Order Management Extension
   version   : 3.0
   vqmver    : 1.0.0
   author    : Ramesh Krishnamoorthy

File Name    : admin/view/template/catalog/product_list.tpl(1)
VQModObject::applyMod - SEARCH NOT FOUND (ABORTING MOD): <td class="text-right"><?php if ($sort == 'p.price') { ?>

----------------------------------------------------------------------


---------- Date: 2016-10-23 06:31:48 ~ IP : 27.64.43.70 ----------
REQUEST URI : /opencart/admin/index.php?route=setting/setting&token=c92b572283df9f73aa0cef4a71c5ce30
MOD DETAILS:
   modFile   : /var/www/html/opencart/vqmod/xml/vqmod_pomgmt_idformat.xml
   id        : Addon for enabling custom PO ID format
   version   : 1.5.3.5
   vqmver    : 1.0.0
   author    : Cart Ideas - Mail : contact@hereforsupport.com

File Name    : admin/view/template/setting/setting.tpl(0)
VQModObject::applyMod - SEARCH NOT FOUND (ABORTING MOD): <td><?php echo $entry_po_frommail; ?></td>

----------------------------------------------------------------------


