---------- Date: 2018-02-14 19:23:59 ~ IP : 207.172.175.184 ----------
REQUEST URI : /UGWBQWHIR==/index.php?route=pomgmt/po&token=a3bf9264ba1c5e8db53726e24900514a
MOD DETAILS:
   modFile   : /var/www/html/vqmod/xml/vqmod_pomgmt_idformat.xml
   id        : Addon for enabling custom PO ID format
   version   : 1.5.3.5
   vqmver    : 1.0.0
   author    : Cart Ideas - Mail : contact@hereforsupport.com

File Name    : UGWBQWHIR==/controller/pomgmt/po.php(0)
VQModObject::applyMod - SEARCH NOT FOUND (ABORTING MOD): $invoice_no = $order_info['invoice_prefix'] . $order_info['invoice_no'];

----------------------------------------------------------------------


---------- Date: 2018-02-14 19:25:50 ~ IP : 207.172.175.184 ----------
REQUEST URI : /UGWBQWHIR==/index.php?route=setting/setting&token=a3bf9264ba1c5e8db53726e24900514a
MOD DETAILS:
   modFile   : /var/www/html/vqmod/xml/vqmod_pomgmt_idformat.xml
   id        : Addon for enabling custom PO ID format
   version   : 1.5.3.5
   vqmver    : 1.0.0
   author    : Cart Ideas - Mail : contact@hereforsupport.com

File Name    : UGWBQWHIR==/view/template/setting/setting.tpl(0)
VQModObject::applyMod - SEARCH NOT FOUND (ABORTING MOD): <td><?php echo $entry_po_frommail; ?></td>

----------------------------------------------------------------------


